2013/12/25 16:35:21 [error] [exception.CDbException] exception 'CDbException' with message 'CDbConnection failed to open the DB connection: SQLSTATE[28000] [1045] Access denied for user 'mysql'@'localhost' (using password: YES)' in /Users/jacksmirk/Sites/yii_framework/framework/db/CDbConnection.php:382
Stack trace:
#0 /Users/jacksmirk/Sites/yii_framework/framework/db/CDbConnection.php(330): CDbConnection->open()
#1 /Users/jacksmirk/Sites/yii_framework/framework/db/CDbConnection.php(308): CDbConnection->setActive(true)
#2 /Users/jacksmirk/Sites/yii_framework/framework/base/CModule.php(387): CDbConnection->init()
#3 /Users/jacksmirk/Sites/yii_framework/framework/base/CModule.php(103): CModule->getComponent('db')
#4 /Users/jacksmirk/Sites/yii_framework/framework/gii/generators/model/ModelCode.php(60): CModule->__get('db')
#5 /Users/jacksmirk/Sites/yii_framework/framework/web/CFormModel.php(39): ModelCode->init()
#6 /Users/jacksmirk/Sites/yii_framework/framework/gii/CCodeGenerator.php(153): CFormModel->__construct()
#7 /Users/jacksmirk/Sites/yii_framework/framework/gii/CCodeGenerator.php(63): CCodeGenerator->prepare()
#8 /Users/jacksmirk/Sites/yii_framework/framework/web/actions/CInlineAction.php(49): CCodeGenerator->actionIndex()
#9 /Users/jacksmirk/Sites/yii_framework/framework/web/CController.php(308): CInlineAction->runWithParams(Array)
#10 /Users/jacksmirk/Sites/yii_framework/framework/web/CController.php(286): CController->runAction(Object(CInlineAction))
#11 /Users/jacksmirk/Sites/yii_framework/framework/web/CController.php(265): CController->runActionWithFilters(Object(CInlineAction), Array)
#12 /Users/jacksmirk/Sites/yii_framework/framework/web/CWebApplication.php(282): CController->run('index')
#13 /Users/jacksmirk/Sites/yii_framework/framework/web/CWebApplication.php(141): CWebApplication->runController('gii/model/index')
#14 /Users/jacksmirk/Sites/yii_framework/framework/base/CApplication.php(180): CWebApplication->processRequest()
#15 /Users/jacksmirk/Sites/concesionario/index.php(13): CApplication->run()
#16 {main}
REQUEST_URI=/concesionario/index.php/gii/model/index
HTTP_REFERER=http://localhost:8888/concesionario/index.php/gii/default/index
---
2013/12/25 16:35:54 [error] [system.db.CDbCommand] CDbCommand::fetchAll() failed: SQLSTATE[3D000]: Invalid catalog name: 1046 No database selected. The SQL statement executed was: SHOW TABLES.
in /Users/jacksmirk/Sites/concesionario/index.php (13)
2013/12/25 16:35:54 [error] [exception.CDbException] exception 'CDbException' with message 'CDbCommand failed to execute the SQL statement: SQLSTATE[3D000]: Invalid catalog name: 1046 No database selected. The SQL statement executed was: SHOW TABLES' in /Users/jacksmirk/Sites/yii_framework/framework/db/CDbCommand.php:543
Stack trace:
#0 /Users/jacksmirk/Sites/yii_framework/framework/db/CDbCommand.php(455): CDbCommand->queryInternal('fetchAll', Array, Array)
#1 /Users/jacksmirk/Sites/yii_framework/framework/db/schema/mysql/CMysqlSchema.php(259): CDbCommand->queryColumn()
#2 /Users/jacksmirk/Sites/yii_framework/framework/db/schema/CDbSchema.php(139): CMysqlSchema->findTableNames('')
#3 /Users/jacksmirk/Sites/yii_framework/framework/db/schema/CDbSchema.php(122): CDbSchema->getTableNames('')
#4 /Users/jacksmirk/Sites/yii_framework/framework/gii/generators/model/views/index.php(79): CDbSchema->getTables()
#5 /Users/jacksmirk/Sites/yii_framework/framework/web/CBaseController.php(126): require('/Users/jacksmir...')
#6 /Users/jacksmirk/Sites/yii_framework/framework/web/CBaseController.php(95): CBaseController->renderInternal('/Users/jacksmir...', Array, true)
#7 /Users/jacksmirk/Sites/yii_framework/framework/web/CController.php(869): CBaseController->renderFile('/Users/jacksmir...', Array, true)
#8 /Users/jacksmirk/Sites/yii_framework/framework/web/CController.php(782): CController->renderPartial('index', Array, true)
#9 /Users/jacksmirk/Sites/yii_framework/framework/gii/CCodeGenerator.php(72): CController->render('index', Array)
#10 /Users/jacksmirk/Sites/yii_framework/framework/web/actions/CInlineAction.php(49): CCodeGenerator->actionIndex()
#11 /Users/jacksmirk/Sites/yii_framework/framework/web/CController.php(308): CInlineAction->runWithParams(Array)
#12 /Users/jacksmirk/Sites/yii_framework/framework/web/CController.php(286): CController->runAction(Object(CInlineAction))
#13 /Users/jacksmirk/Sites/yii_framework/framework/web/CController.php(265): CController->runActionWithFilters(Object(CInlineAction), Array)
#14 /Users/jacksmirk/Sites/yii_framework/framework/web/CWebApplication.php(282): CController->run('index')
#15 /Users/jacksmirk/Sites/yii_framework/framework/web/CWebApplication.php(141): CWebApplication->runController('gii/model/index')
#16 /Users/jacksmirk/Sites/yii_framework/framework/base/CApplication.php(180): CWebApplication->processRequest()
#17 /Users/jacksmirk/Sites/concesionario/index.php(13): CApplication->run()
#18 {main}
REQUEST_URI=/concesionario/index.php/gii/model/index
HTTP_REFERER=http://localhost:8888/concesionario/index.php/gii/default/index
---
2013/12/25 16:51:35 [error] [system.db.CDbCommand] CDbCommand::fetchAll() failed: SQLSTATE[42S02]: Base table or view not found: 1146 Table 'concesionario.tbl_tipo_motor' doesn't exist. The SQL statement executed was: SHOW FULL COLUMNS FROM `tbl_tipo_motor`.
in /Users/jacksmirk/Sites/concesionario/index.php (13)
2013/12/27 12:41:27 [error] [exception.CException] exception 'CException' with message 'Alias "bootstrap.widgets.TbHeroUnit" is invalid. Make sure it points to an existing PHP file and the file is readable.' in /Users/jacksmirk/Sites/yii_framework/framework/YiiBase.php:322
Stack trace:
#0 /Users/jacksmirk/Sites/yii_framework/framework/web/CWidgetFactory.php(146): YiiBase::import('bootstrap.widge...', true)
#1 /Users/jacksmirk/Sites/yii_framework/framework/web/CBaseController.php(146): CWidgetFactory->createWidget(Object(SiteController), 'bootstrap.widge...', Array)
#2 /Users/jacksmirk/Sites/yii_framework/framework/web/CBaseController.php(189): CBaseController->createWidget('bootstrap.widge...', Array)
#3 /Users/jacksmirk/Sites/concesionario/themes/bootstrap/views/site/index.php(9): CBaseController->beginWidget('bootstrap.widge...', Array)
#4 /Users/jacksmirk/Sites/yii_framework/framework/web/CBaseController.php(126): require('/Users/jacksmir...')
#5 /Users/jacksmirk/Sites/yii_framework/framework/web/CBaseController.php(95): CBaseController->renderInternal('/Users/jacksmir...', NULL, true)
#6 /Users/jacksmirk/Sites/yii_framework/framework/web/CController.php(869): CBaseController->renderFile('/Users/jacksmir...', NULL, true)
#7 /Users/jacksmirk/Sites/yii_framework/framework/web/CController.php(782): CController->renderPartial('index', NULL, true)
#8 /Users/jacksmirk/Sites/concesionario/protected/controllers/SiteController.php(32): CController->render('index')
#9 /Users/jacksmirk/Sites/yii_framework/framework/web/actions/CInlineAction.php(49): SiteController->actionIndex()
#10 /Users/jacksmirk/Sites/yii_framework/framework/web/CController.php(308): CInlineAction->runWithParams(Array)
#11 /Users/jacksmirk/Sites/yii_framework/framework/web/CController.php(286): CController->runAction(Object(CInlineAction))
#12 /Users/jacksmirk/Sites/yii_framework/framework/web/CController.php(265): CController->runActionWithFilters(Object(CInlineAction), Array)
#13 /Users/jacksmirk/Sites/yii_framework/framework/web/CWebApplication.php(282): CController->run('')
#14 /Users/jacksmirk/Sites/yii_framework/framework/web/CWebApplication.php(141): CWebApplication->runController('')
#15 /Users/jacksmirk/Sites/yii_framework/framework/base/CApplication.php(180): CWebApplication->processRequest()
#16 /Users/jacksmirk/Sites/concesionario/index.php(13): CApplication->run()
#17 {main}
REQUEST_URI=/concesionario/index.php
---
2013/12/27 12:43:40 [error] [exception.CException] exception 'CException' with message 'Alias "bootstrap.widgets.TbHeroUnit" is invalid. Make sure it points to an existing PHP file and the file is readable.' in /Users/jacksmirk/Sites/yii_framework/framework/YiiBase.php:322
Stack trace:
#0 /Users/jacksmirk/Sites/yii_framework/framework/web/CWidgetFactory.php(146): YiiBase::import('bootstrap.widge...', true)
#1 /Users/jacksmirk/Sites/yii_framework/framework/web/CBaseController.php(146): CWidgetFactory->createWidget(Object(SiteController), 'bootstrap.widge...', Array)
#2 /Users/jacksmirk/Sites/yii_framework/framework/web/CBaseController.php(189): CBaseController->createWidget('bootstrap.widge...', Array)
#3 /Users/jacksmirk/Sites/concesionario/themes/bootstrap/views/site/index.php(9): CBaseController->beginWidget('bootstrap.widge...', Array)
#4 /Users/jacksmirk/Sites/yii_framework/framework/web/CBaseController.php(126): require('/Users/jacksmir...')
#5 /Users/jacksmirk/Sites/yii_framework/framework/web/CBaseController.php(95): CBaseController->renderInternal('/Users/jacksmir...', NULL, true)
#6 /Users/jacksmirk/Sites/yii_framework/framework/web/CController.php(869): CBaseController->renderFile('/Users/jacksmir...', NULL, true)
#7 /Users/jacksmirk/Sites/yii_framework/framework/web/CController.php(782): CController->renderPartial('index', NULL, true)
#8 /Users/jacksmirk/Sites/concesionario/protected/controllers/SiteController.php(32): CController->render('index')
#9 /Users/jacksmirk/Sites/yii_framework/framework/web/actions/CInlineAction.php(49): SiteController->actionIndex()
#10 /Users/jacksmirk/Sites/yii_framework/framework/web/CController.php(308): CInlineAction->runWithParams(Array)
#11 /Users/jacksmirk/Sites/yii_framework/framework/web/CController.php(286): CController->runAction(Object(CInlineAction))
#12 /Users/jacksmirk/Sites/yii_framework/framework/web/CController.php(265): CController->runActionWithFilters(Object(CInlineAction), Array)
#13 /Users/jacksmirk/Sites/yii_framework/framework/web/CWebApplication.php(282): CController->run('')
#14 /Users/jacksmirk/Sites/yii_framework/framework/web/CWebApplication.php(141): CWebApplication->runController('')
#15 /Users/jacksmirk/Sites/yii_framework/framework/base/CApplication.php(180): CWebApplication->processRequest()
#16 /Users/jacksmirk/Sites/concesionario/index.php(13): CApplication->run()
#17 {main}
REQUEST_URI=/concesionario/index.php
---
2013/12/27 12:45:01 [error] [exception.CException] exception 'CException' with message 'Alias "bootstrap.widgets.TbHeroUnit" is invalid. Make sure it points to an existing PHP file and the file is readable.' in /Users/jacksmirk/Sites/yii_framework/framework/YiiBase.php:322
Stack trace:
#0 /Users/jacksmirk/Sites/yii_framework/framework/web/CWidgetFactory.php(146): YiiBase::import('bootstrap.widge...', true)
#1 /Users/jacksmirk/Sites/yii_framework/framework/web/CBaseController.php(146): CWidgetFactory->createWidget(Object(SiteController), 'bootstrap.widge...', Array)
#2 /Users/jacksmirk/Sites/yii_framework/framework/web/CBaseController.php(189): CBaseController->createWidget('bootstrap.widge...', Array)
#3 /Users/jacksmirk/Sites/concesionario/themes/bootstrap/views/site/index.php(9): CBaseController->beginWidget('bootstrap.widge...', Array)
#4 /Users/jacksmirk/Sites/yii_framework/framework/web/CBaseController.php(126): require('/Users/jacksmir...')
#5 /Users/jacksmirk/Sites/yii_framework/framework/web/CBaseController.php(95): CBaseController->renderInternal('/Users/jacksmir...', NULL, true)
#6 /Users/jacksmirk/Sites/yii_framework/framework/web/CController.php(869): CBaseController->renderFile('/Users/jacksmir...', NULL, true)
#7 /Users/jacksmirk/Sites/yii_framework/framework/web/CController.php(782): CController->renderPartial('index', NULL, true)
#8 /Users/jacksmirk/Sites/concesionario/protected/controllers/SiteController.php(32): CController->render('index')
#9 /Users/jacksmirk/Sites/yii_framework/framework/web/actions/CInlineAction.php(49): SiteController->actionIndex()
#10 /Users/jacksmirk/Sites/yii_framework/framework/web/CController.php(308): CInlineAction->runWithParams(Array)
#11 /Users/jacksmirk/Sites/yii_framework/framework/web/CController.php(286): CController->runAction(Object(CInlineAction))
#12 /Users/jacksmirk/Sites/yii_framework/framework/web/CController.php(265): CController->runActionWithFilters(Object(CInlineAction), Array)
#13 /Users/jacksmirk/Sites/yii_framework/framework/web/CWebApplication.php(282): CController->run('')
#14 /Users/jacksmirk/Sites/yii_framework/framework/web/CWebApplication.php(141): CWebApplication->runController('')
#15 /Users/jacksmirk/Sites/yii_framework/framework/base/CApplication.php(180): CWebApplication->processRequest()
#16 /Users/jacksmirk/Sites/concesionario/index.php(13): CApplication->run()
#17 {main}
REQUEST_URI=/concesionario/index.php
---
2013/12/27 13:43:10 [error] [exception.CException] exception 'CException' with message 'Alias "auth.AuthModule" is invalid. Make sure it points to an existing PHP file and the file is readable.' in /Users/jacksmirk/Sites/yii_framework/framework/YiiBase.php:322
Stack trace:
#0 /Users/jacksmirk/Sites/yii_framework/framework/YiiBase.php(196): YiiBase::import('auth.AuthModule', true)
#1 /Users/jacksmirk/Sites/yii_framework/framework/base/CModule.php(282): YiiBase::createComponent('auth.AuthModule', 'auth', NULL, Array)
#2 /Users/jacksmirk/Sites/yii_framework/framework/web/CWebApplication.php(337): CModule->getModule('auth')
#3 /Users/jacksmirk/Sites/yii_framework/framework/web/CWebApplication.php(276): CWebApplication->createController('auth/assignment...')
#4 /Users/jacksmirk/Sites/yii_framework/framework/web/CWebApplication.php(141): CWebApplication->runController('auth/assignment...')
#5 /Users/jacksmirk/Sites/yii_framework/framework/base/CApplication.php(180): CWebApplication->processRequest()
#6 /Users/jacksmirk/Sites/concesionario/index.php(13): CApplication->run()
#7 {main}
REQUEST_URI=/concesionario/index.php/auth/assignment/index
---
2013/12/27 13:44:18 [error] [exception.CException] exception 'CException' with message 'Alias "auth.AuthModule" is invalid. Make sure it points to an existing PHP file and the file is readable.' in /Users/jacksmirk/Sites/yii_framework/framework/YiiBase.php:322
Stack trace:
#0 /Users/jacksmirk/Sites/yii_framework/framework/YiiBase.php(196): YiiBase::import('auth.AuthModule', true)
#1 /Users/jacksmirk/Sites/yii_framework/framework/base/CModule.php(282): YiiBase::createComponent('auth.AuthModule', 'auth', NULL, Array)
#2 /Users/jacksmirk/Sites/yii_framework/framework/web/CWebApplication.php(337): CModule->getModule('auth')
#3 /Users/jacksmirk/Sites/yii_framework/framework/web/CWebApplication.php(276): CWebApplication->createController('auth/assignment...')
#4 /Users/jacksmirk/Sites/yii_framework/framework/web/CWebApplication.php(141): CWebApplication->runController('auth/assignment...')
#5 /Users/jacksmirk/Sites/yii_framework/framework/base/CApplication.php(180): CWebApplication->processRequest()
#6 /Users/jacksmirk/Sites/concesionario/index.php(13): CApplication->run()
#7 {main}
REQUEST_URI=/concesionario/index.php/auth/assignment/index
---
2013/12/27 13:44:28 [error] [exception.CException] exception 'CException' with message 'Alias "auth.AuthModule" is invalid. Make sure it points to an existing PHP file and the file is readable.' in /Users/jacksmirk/Sites/yii_framework/framework/YiiBase.php:322
Stack trace:
#0 /Users/jacksmirk/Sites/yii_framework/framework/YiiBase.php(196): YiiBase::import('auth.AuthModule', true)
#1 /Users/jacksmirk/Sites/yii_framework/framework/base/CModule.php(282): YiiBase::createComponent('auth.AuthModule', 'auth', NULL, Array)
#2 /Users/jacksmirk/Sites/yii_framework/framework/web/CWebApplication.php(337): CModule->getModule('auth')
#3 /Users/jacksmirk/Sites/yii_framework/framework/web/CWebApplication.php(276): CWebApplication->createController('auth/assignment...')
#4 /Users/jacksmirk/Sites/yii_framework/framework/web/CWebApplication.php(141): CWebApplication->runController('auth/assignment...')
#5 /Users/jacksmirk/Sites/yii_framework/framework/base/CApplication.php(180): CWebApplication->processRequest()
#6 /Users/jacksmirk/Sites/concesionario/index.php(13): CApplication->run()
#7 {main}
REQUEST_URI=/concesionario/index.php/auth/assignment/index
---
2013/12/27 13:44:31 [error] [exception.CException] exception 'CException' with message 'Alias "auth.AuthModule" is invalid. Make sure it points to an existing PHP file and the file is readable.' in /Users/jacksmirk/Sites/yii_framework/framework/YiiBase.php:322
Stack trace:
#0 /Users/jacksmirk/Sites/yii_framework/framework/YiiBase.php(196): YiiBase::import('auth.AuthModule', true)
#1 /Users/jacksmirk/Sites/yii_framework/framework/base/CModule.php(282): YiiBase::createComponent('auth.AuthModule', 'auth', NULL, Array)
#2 /Users/jacksmirk/Sites/yii_framework/framework/web/CWebApplication.php(337): CModule->getModule('auth')
#3 /Users/jacksmirk/Sites/yii_framework/framework/web/CWebApplication.php(276): CWebApplication->createController('auth/assignment...')
#4 /Users/jacksmirk/Sites/yii_framework/framework/web/CWebApplication.php(141): CWebApplication->runController('auth/assignment...')
#5 /Users/jacksmirk/Sites/yii_framework/framework/base/CApplication.php(180): CWebApplication->processRequest()
#6 /Users/jacksmirk/Sites/concesionario/index.php(13): CApplication->run()
#7 {main}
REQUEST_URI=/concesionario/index.php/auth/assignment/index
---
2013/12/27 13:44:59 [error] [exception.CException] exception 'CException' with message 'Alias "auth.AuthModule" is invalid. Make sure it points to an existing PHP file and the file is readable.' in /Users/jacksmirk/Sites/yii_framework/framework/YiiBase.php:322
Stack trace:
#0 /Users/jacksmirk/Sites/yii_framework/framework/YiiBase.php(196): YiiBase::import('auth.AuthModule', true)
#1 /Users/jacksmirk/Sites/yii_framework/framework/base/CModule.php(282): YiiBase::createComponent('auth.AuthModule', 'auth', NULL, Array)
#2 /Users/jacksmirk/Sites/yii_framework/framework/web/CWebApplication.php(337): CModule->getModule('auth')
#3 /Users/jacksmirk/Sites/yii_framework/framework/web/CWebApplication.php(276): CWebApplication->createController('auth')
#4 /Users/jacksmirk/Sites/yii_framework/framework/web/CWebApplication.php(141): CWebApplication->runController('auth')
#5 /Users/jacksmirk/Sites/yii_framework/framework/base/CApplication.php(180): CWebApplication->processRequest()
#6 /Users/jacksmirk/Sites/concesionario/index.php(13): CApplication->run()
#7 {main}
REQUEST_URI=/concesionario/index.php/auth/
---
2013/12/27 13:45:59 [error] [exception.CException] exception 'CException' with message 'Alias "auth.AuthModule" is invalid. Make sure it points to an existing PHP file and the file is readable.' in /Users/jacksmirk/Sites/yii_framework/framework/YiiBase.php:322
Stack trace:
#0 /Users/jacksmirk/Sites/yii_framework/framework/YiiBase.php(196): YiiBase::import('auth.AuthModule', true)
#1 /Users/jacksmirk/Sites/yii_framework/framework/base/CModule.php(282): YiiBase::createComponent('auth.AuthModule', 'auth', NULL, Array)
#2 /Users/jacksmirk/Sites/yii_framework/framework/web/CWebApplication.php(337): CModule->getModule('auth')
#3 /Users/jacksmirk/Sites/yii_framework/framework/web/CWebApplication.php(276): CWebApplication->createController('auth')
#4 /Users/jacksmirk/Sites/yii_framework/framework/web/CWebApplication.php(141): CWebApplication->runController('auth')
#5 /Users/jacksmirk/Sites/yii_framework/framework/base/CApplication.php(180): CWebApplication->processRequest()
#6 /Users/jacksmirk/Sites/concesionario/index.php(13): CApplication->run()
#7 {main}
REQUEST_URI=/concesionario/index.php/auth/
---
2013/12/27 13:48:18 [error] [exception.CHttpException.404] exception 'CHttpException' with message 'Unable to resolve the request "auth/assignment/index".' in /Users/jacksmirk/Sites/yii_framework/framework/web/CWebApplication.php:286
Stack trace:
#0 /Users/jacksmirk/Sites/yii_framework/framework/web/CWebApplication.php(141): CWebApplication->runController('auth/assignment...')
#1 /Users/jacksmirk/Sites/yii_framework/framework/base/CApplication.php(180): CWebApplication->processRequest()
#2 /Users/jacksmirk/Sites/concesionario/index.php(13): CApplication->run()
#3 {main}
REQUEST_URI=/concesionario/index.php/auth/assignment/index
---
2013/12/27 15:04:52 [error] [system.db.CDbCommand] Error in preparing SQL: CREATE TABLE 'tbl_auth_item' (
	"name" varchar(64) NOT NULL,
	"type" integer NOT NULL,
	"description" text,
	"bizrule" text,
	"data" text,
	PRIMARY KEY (`name`)
) ENGINE=InnoDB
2013/12/27 15:04:52 [error] [system.db.CDbCommand] CDbCommand::execute() failed: CDbCommand failed to prepare the SQL statement: SQLSTATE[HY000]: General error: 1 near "ENGINE": syntax error. The SQL statement executed was: CREATE TABLE 'tbl_auth_item' (
	"name" varchar(64) NOT NULL,
	"type" integer NOT NULL,
	"description" text,
	"bizrule" text,
	"data" text,
	PRIMARY KEY (`name`)
) ENGINE=InnoDB.
2013/12/27 15:04:52 [error] [exception.CDbException] exception 'CDbException' with message 'CDbCommand failed to execute the SQL statement: CDbCommand failed to prepare the SQL statement: SQLSTATE[HY000]: General error: 1 near "ENGINE": syntax error. The SQL statement executed was: CREATE TABLE 'tbl_auth_item' (
	"name" varchar(64) NOT NULL,
	"type" integer NOT NULL,
	"description" text,
	"bizrule" text,
	"data" text,
	PRIMARY KEY (`name`)
) ENGINE=InnoDB' in /Users/jacksmirk/Sites/yii_framework/framework/db/CDbCommand.php:358
Stack trace:
#0 /Users/jacksmirk/Sites/yii_framework/framework/db/CDbCommand.php(1324): CDbCommand->execute()
#1 /Users/jacksmirk/Sites/yii_framework/framework/db/CDbMigration.php(233): CDbCommand->createTable('tbl_auth_item', Array, 'ENGINE=InnoDB')
#2 /Users/jacksmirk/Sites/concesionario/protected/migrations/m131227_125740_create_rbac_tables.php(15): CDbMigration->createTable('tbl_auth_item', Array, 'ENGINE=InnoDB')
#3 /Users/jacksmirk/Sites/yii_framework/framework/cli/commands/MigrateCommand.php(385): m131227_125740_create_rbac_tables->up()
#4 /Users/jacksmirk/Sites/yii_framework/framework/cli/commands/MigrateCommand.php(109): MigrateCommand->migrateUp('m131227_125740_...')
#5 [internal function]: MigrateCommand->actionUp(Array)
#6 /Users/jacksmirk/Sites/yii_framework/framework/console/CConsoleCommand.php(172): ReflectionMethod->invokeArgs(Object(MigrateCommand), Array)
#7 /Users/jacksmirk/Sites/yii_framework/framework/console/CConsoleCommandRunner.php(71): CConsoleCommand->run(Array)
#8 /Users/jacksmirk/Sites/yii_framework/framework/console/CConsoleApplication.php(92): CConsoleCommandRunner->run(Array)
#9 /Users/jacksmirk/Sites/yii_framework/framework/base/CApplication.php(180): CConsoleApplication->processRequest()
#10 /Users/jacksmirk/Sites/yii_framework/framework/yiic.php(33): CApplication->run()
#11 /Users/jacksmirk/Sites/concesionario/protected/yiic.php(7): require_once('/Users/jacksmir...')
#12 /Users/jacksmirk/Sites/concesionario/protected/yiic(4): require_once('/Users/jacksmir...')
#13 {main}
---
2013/12/27 15:08:37 [error] [system.db.CDbCommand] Error in preparing SQL: CREATE TABLE 'tbl_auth_item' (
	"name" varchar(64) NOT NULL,
	"type" integer NOT NULL,
	"description" text,
	"bizrule" text,
	"data" text,
	PRIMARY KEY (`name`)
) ENGINE=InnoDB
2013/12/27 15:08:37 [error] [system.db.CDbCommand] CDbCommand::execute() failed: CDbCommand failed to prepare the SQL statement: SQLSTATE[HY000]: General error: 1 near "ENGINE": syntax error. The SQL statement executed was: CREATE TABLE 'tbl_auth_item' (
	"name" varchar(64) NOT NULL,
	"type" integer NOT NULL,
	"description" text,
	"bizrule" text,
	"data" text,
	PRIMARY KEY (`name`)
) ENGINE=InnoDB.
2013/12/27 15:08:37 [error] [exception.CDbException] exception 'CDbException' with message 'CDbCommand failed to execute the SQL statement: CDbCommand failed to prepare the SQL statement: SQLSTATE[HY000]: General error: 1 near "ENGINE": syntax error. The SQL statement executed was: CREATE TABLE 'tbl_auth_item' (
	"name" varchar(64) NOT NULL,
	"type" integer NOT NULL,
	"description" text,
	"bizrule" text,
	"data" text,
	PRIMARY KEY (`name`)
) ENGINE=InnoDB' in /Users/jacksmirk/Sites/yii_framework/framework/db/CDbCommand.php:358
Stack trace:
#0 /Users/jacksmirk/Sites/yii_framework/framework/db/CDbCommand.php(1324): CDbCommand->execute()
#1 /Users/jacksmirk/Sites/yii_framework/framework/db/CDbMigration.php(233): CDbCommand->createTable('tbl_auth_item', Array, 'ENGINE=InnoDB')
#2 /Users/jacksmirk/Sites/concesionario/protected/migrations/m131227_125740_create_rbac_tables.php(15): CDbMigration->createTable('tbl_auth_item', Array, 'ENGINE=InnoDB')
#3 /Users/jacksmirk/Sites/yii_framework/framework/cli/commands/MigrateCommand.php(385): m131227_125740_create_rbac_tables->up()
#4 /Users/jacksmirk/Sites/yii_framework/framework/cli/commands/MigrateCommand.php(109): MigrateCommand->migrateUp('m131227_125740_...')
#5 [internal function]: MigrateCommand->actionUp(Array)
#6 /Users/jacksmirk/Sites/yii_framework/framework/console/CConsoleCommand.php(172): ReflectionMethod->invokeArgs(Object(MigrateCommand), Array)
#7 /Users/jacksmirk/Sites/yii_framework/framework/console/CConsoleCommandRunner.php(71): CConsoleCommand->run(Array)
#8 /Users/jacksmirk/Sites/yii_framework/framework/console/CConsoleApplication.php(92): CConsoleCommandRunner->run(Array)
#9 /Users/jacksmirk/Sites/yii_framework/framework/base/CApplication.php(180): CConsoleApplication->processRequest()
#10 /Users/jacksmirk/Sites/yii_framework/framework/yiic.php(33): CApplication->run()
#11 /Users/jacksmirk/Sites/concesionario/protected/yiic.php(7): require_once('/Users/jacksmir...')
#12 /Users/jacksmirk/Sites/concesionario/protected/yiic(4): require_once('/Users/jacksmir...')
#13 {main}
---
2013/12/27 15:12:51 [error] [exception.CDbException] exception 'CDbException' with message 'CDbConnection failed to open the DB connection: SQLSTATE[HY000] [2002] No such file or directory' in /Users/jacksmirk/Sites/yii_framework/framework/db/CDbConnection.php:382
Stack trace:
#0 /Users/jacksmirk/Sites/yii_framework/framework/db/CDbConnection.php(330): CDbConnection->open()
#1 /Users/jacksmirk/Sites/yii_framework/framework/db/CDbConnection.php(308): CDbConnection->setActive(true)
#2 /Users/jacksmirk/Sites/yii_framework/framework/base/CModule.php(387): CDbConnection->init()
#3 /Users/jacksmirk/Sites/yii_framework/framework/cli/commands/MigrateCommand.php(442): CModule->getComponent('db')
#4 /Users/jacksmirk/Sites/yii_framework/framework/cli/commands/MigrateCommand.php(451): MigrateCommand->getDbConnection()
#5 /Users/jacksmirk/Sites/yii_framework/framework/cli/commands/MigrateCommand.php(482): MigrateCommand->getMigrationHistory(-1)
#6 /Users/jacksmirk/Sites/yii_framework/framework/cli/commands/MigrateCommand.php(84): MigrateCommand->getNewMigrations()
#7 [internal function]: MigrateCommand->actionUp(Array)
#8 /Users/jacksmirk/Sites/yii_framework/framework/console/CConsoleCommand.php(172): ReflectionMethod->invokeArgs(Object(MigrateCommand), Array)
#9 /Users/jacksmirk/Sites/yii_framework/framework/console/CConsoleCommandRunner.php(71): CConsoleCommand->run(Array)
#10 /Users/jacksmirk/Sites/yii_framework/framework/console/CConsoleApplication.php(92): CConsoleCommandRunner->run(Array)
#11 /Users/jacksmirk/Sites/yii_framework/framework/base/CApplication.php(180): CConsoleApplication->processRequest()
#12 /Users/jacksmirk/Sites/yii_framework/framework/yiic.php(33): CApplication->run()
#13 /Users/jacksmirk/Sites/concesionario/protected/yiic.php(7): require_once('/Users/jacksmir...')
#14 /Users/jacksmirk/Sites/concesionario/protected/yiic(4): require_once('/Users/jacksmir...')
#15 {main}
---
2013/12/27 15:13:17 [error] [exception.CDbException] exception 'CDbException' with message 'CDbConnection failed to open the DB connection: SQLSTATE[HY000] [2002] No such file or directory' in /Users/jacksmirk/Sites/yii_framework/framework/db/CDbConnection.php:382
Stack trace:
#0 /Users/jacksmirk/Sites/yii_framework/framework/db/CDbConnection.php(330): CDbConnection->open()
#1 /Users/jacksmirk/Sites/yii_framework/framework/db/CDbConnection.php(308): CDbConnection->setActive(true)
#2 /Users/jacksmirk/Sites/yii_framework/framework/base/CModule.php(387): CDbConnection->init()
#3 /Users/jacksmirk/Sites/yii_framework/framework/cli/commands/MigrateCommand.php(442): CModule->getComponent('db')
#4 /Users/jacksmirk/Sites/yii_framework/framework/cli/commands/MigrateCommand.php(451): MigrateCommand->getDbConnection()
#5 /Users/jacksmirk/Sites/yii_framework/framework/cli/commands/MigrateCommand.php(482): MigrateCommand->getMigrationHistory(-1)
#6 /Users/jacksmirk/Sites/yii_framework/framework/cli/commands/MigrateCommand.php(84): MigrateCommand->getNewMigrations()
#7 [internal function]: MigrateCommand->actionUp(Array)
#8 /Users/jacksmirk/Sites/yii_framework/framework/console/CConsoleCommand.php(172): ReflectionMethod->invokeArgs(Object(MigrateCommand), Array)
#9 /Users/jacksmirk/Sites/yii_framework/framework/console/CConsoleCommandRunner.php(71): CConsoleCommand->run(Array)
#10 /Users/jacksmirk/Sites/yii_framework/framework/console/CConsoleApplication.php(92): CConsoleCommandRunner->run(Array)
#11 /Users/jacksmirk/Sites/yii_framework/framework/base/CApplication.php(180): CConsoleApplication->processRequest()
#12 /Users/jacksmirk/Sites/yii_framework/framework/yiic.php(33): CApplication->run()
#13 /Users/jacksmirk/Sites/concesionario/protected/yiic.php(7): require_once('/Users/jacksmir...')
#14 /Users/jacksmirk/Sites/concesionario/protected/yiic(4): require_once('/Users/jacksmir...')
#15 {main}
---
2013/12/27 16:01:46 [error] [system.db.CDbCommand] CDbCommand::fetchAll() failed: SQLSTATE[42S02]: Base table or view not found: 1146 Table 'concesionario.tbl_migration' doesn't exist. The SQL statement executed was: SHOW FULL COLUMNS FROM `tbl_migration`.
2013/12/27 16:01:49 [error] [system.db.CDbCommand] CDbCommand::execute() failed: SQLSTATE[HY000]: General error: 1005 Can't create table 'concesionario.#sql-63f_60' (errno: 121). The SQL statement executed was: ALTER TABLE `tbl_auth_item_child` ADD CONSTRAINT `fk_auth_item_child_parent` FOREIGN KEY (`child`) REFERENCES `tbl_auth_item` (`name`) ON DELETE CASCADE ON UPDATE CASCADE.
2013/12/27 16:01:49 [error] [exception.CDbException] exception 'CDbException' with message 'CDbCommand failed to execute the SQL statement: SQLSTATE[HY000]: General error: 1005 Can't create table 'concesionario.#sql-63f_60' (errno: 121). The SQL statement executed was: ALTER TABLE `tbl_auth_item_child` ADD CONSTRAINT `fk_auth_item_child_parent` FOREIGN KEY (`child`) REFERENCES `tbl_auth_item` (`name`) ON DELETE CASCADE ON UPDATE CASCADE' in /Users/jacksmirk/Sites/yii_framework/framework/db/CDbCommand.php:358
Stack trace:
#0 /Users/jacksmirk/Sites/yii_framework/framework/db/CDbCommand.php(1435): CDbCommand->execute()
#1 /Users/jacksmirk/Sites/yii_framework/framework/db/CDbMigration.php(348): CDbCommand->addForeignKey('fk_auth_item_ch...', 'tbl_auth_item_c...', 'child', 'tbl_auth_item', 'name', 'CASCADE', 'CASCADE')
#2 /Users/jacksmirk/Sites/concesionario/protected/migrations/m131227_125740_create_rbac_tables.php(28): CDbMigration->addForeignKey('fk_auth_item_ch...', 'tbl_auth_item_c...', 'child', 'tbl_auth_item', 'name', 'CASCADE', 'CASCADE')
#3 /Users/jacksmirk/Sites/yii_framework/framework/cli/commands/MigrateCommand.php(385): m131227_125740_create_rbac_tables->up()
#4 /Users/jacksmirk/Sites/yii_framework/framework/cli/commands/MigrateCommand.php(109): MigrateCommand->migrateUp('m131227_125740_...')
#5 [internal function]: MigrateCommand->actionUp(Array)
#6 /Users/jacksmirk/Sites/yii_framework/framework/console/CConsoleCommand.php(172): ReflectionMethod->invokeArgs(Object(MigrateCommand), Array)
#7 /Users/jacksmirk/Sites/yii_framework/framework/console/CConsoleCommandRunner.php(71): CConsoleCommand->run(Array)
#8 /Users/jacksmirk/Sites/yii_framework/framework/console/CConsoleApplication.php(92): CConsoleCommandRunner->run(Array)
#9 /Users/jacksmirk/Sites/yii_framework/framework/base/CApplication.php(180): CConsoleApplication->processRequest()
#10 /Users/jacksmirk/Sites/yii_framework/framework/yiic.php(33): CApplication->run()
#11 /Users/jacksmirk/Sites/concesionario/protected/yiic.php(7): require_once('/Users/jacksmir...')
#12 /Users/jacksmirk/Sites/concesionario/protected/yiic(4): require_once('/Users/jacksmir...')
#13 {main}
---
2013/12/27 16:57:36 [error] [exception.CHttpException.404] exception 'CHttpException' with message 'Unable to resolve the request "User".' in /Users/jacksmirk/Sites/yii_framework/framework/web/CWebApplication.php:286
Stack trace:
#0 /Users/jacksmirk/Sites/yii_framework/framework/web/CWebApplication.php(141): CWebApplication->runController('User')
#1 /Users/jacksmirk/Sites/yii_framework/framework/base/CApplication.php(180): CWebApplication->processRequest()
#2 /Users/jacksmirk/Sites/concesionario/index.php(13): CApplication->run()
#3 {main}
REQUEST_URI=/concesionario/index.php/User
---
2013/12/27 16:57:44 [error] [exception.CException] exception 'CException' with message 'Alias "zii.behaviours.CTimestampBehaviour" is invalid. Make sure it points to an existing PHP file and the file is readable.' in /Users/jacksmirk/Sites/yii_framework/framework/YiiBase.php:322
Stack trace:
#0 /Users/jacksmirk/Sites/yii_framework/framework/YiiBase.php(196): YiiBase::import('zii.behaviours....', true)
#1 /Users/jacksmirk/Sites/yii_framework/framework/base/CComponent.php(329): YiiBase::createComponent(Array)
#2 /Users/jacksmirk/Sites/yii_framework/framework/base/CComponent.php(298): CComponent->attachBehavior('CTimestampBehav...', Array)
#3 /Users/jacksmirk/Sites/yii_framework/framework/db/ar/CActiveRecord.php(396): CComponent->attachBehaviors(Array)
#4 /Users/jacksmirk/Sites/yii_framework/framework/web/CActiveDataProvider.php(165): CActiveRecord::model('Usuario')
#5 /Users/jacksmirk/Sites/yii_framework/framework/web/CActiveDataProvider.php(87): CActiveDataProvider->getModel('Usuario')
#6 /Users/jacksmirk/Sites/concesionario/protected/controllers/UsuarioController.php(58): CActiveDataProvider->__construct('Usuario')
#7 /Users/jacksmirk/Sites/yii_framework/framework/web/actions/CInlineAction.php(49): UsuarioController->actionIndex()
#8 /Users/jacksmirk/Sites/yii_framework/framework/web/CController.php(308): CInlineAction->runWithParams(Array)
#9 /Users/jacksmirk/Sites/yii_framework/framework/web/CController.php(286): CController->runAction(Object(CInlineAction))
#10 /Users/jacksmirk/Sites/yii_framework/framework/web/CController.php(265): CController->runActionWithFilters(Object(CInlineAction), Array)
#11 /Users/jacksmirk/Sites/yii_framework/framework/web/CWebApplication.php(282): CController->run('index')
#12 /Users/jacksmirk/Sites/yii_framework/framework/web/CWebApplication.php(141): CWebApplication->runController('Usuario/index')
#13 /Users/jacksmirk/Sites/yii_framework/framework/base/CApplication.php(180): CWebApplication->processRequest()
#14 /Users/jacksmirk/Sites/concesionario/index.php(13): CApplication->run()
#15 {main}
REQUEST_URI=/concesionario/index.php/Usuario/index
---
2013/12/27 17:48:39 [error] [php] include(Fabricantes.php) [<a href='function.include'>function.include</a>]: failed to open stream: No such file or directory (/Users/jacksmirk/Sites/yii_framework/framework/YiiBase.php:427)
Stack trace:
#0 /Users/jacksmirk/Sites/yii_framework/framework/db/ar/CActiveRecord.php(395): spl_autoload_call()
#1 /Users/jacksmirk/Sites/concesionario/protected/extensions/giix-components/GxActiveRecord.php(26): model()
#2 /Users/jacksmirk/Sites/concesionario/protected/extensions/giix-components/GxActiveRecord.php(119): model()
#3 /Users/jacksmirk/Sites/concesionario/protected/extensions/giix-components/GxActiveRecord.php(165): Vehiculo->getRelationLabel()
#4 /Users/jacksmirk/Sites/yii_framework/framework/web/helpers/CHtml.php(1390): Vehiculo->getAttributeLabel()
#5 /Users/jacksmirk/Sites/yii_framework/framework/web/helpers/CHtml.php(1415): activeLabel()
#6 /Users/jacksmirk/Sites/yii_framework/framework/web/widgets/CActiveForm.php(597): activeLabelEx()
#7 /Users/jacksmirk/Sites/concesionario/protected/views/vehiculo/_form.php(17): GxActiveForm->labelEx()
#8 /Users/jacksmirk/Sites/yii_framework/framework/web/CBaseController.php(126): require()
#9 /Users/jacksmirk/Sites/yii_framework/framework/web/CBaseController.php(95): VehiculoController->renderInternal()
#10 /Users/jacksmirk/Sites/yii_framework/framework/web/CController.php(869): VehiculoController->renderFile()
#11 /Users/jacksmirk/Sites/concesionario/protected/views/vehiculo/create.php(19): VehiculoController->renderPartial()
#12 /Users/jacksmirk/Sites/yii_framework/framework/web/CBaseController.php(126): require()
#13 /Users/jacksmirk/Sites/yii_framework/framework/web/CBaseController.php(95): VehiculoController->renderInternal()
#14 /Users/jacksmirk/Sites/yii_framework/framework/web/CController.php(869): VehiculoController->renderFile()
#15 /Users/jacksmirk/Sites/yii_framework/framework/web/CController.php(782): VehiculoController->renderPartial()
#16 /Users/jacksmirk/Sites/concesionario/protected/controllers/VehiculoController.php(27): VehiculoController->render()
#17 /Users/jacksmirk/Sites/yii_framework/framework/web/actions/CInlineAction.php(49): VehiculoController->actionCreate()
#18 /Users/jacksmirk/Sites/yii_framework/framework/web/CController.php(308): CInlineAction->runWithParams()
#19 /Users/jacksmirk/Sites/yii_framework/framework/web/CController.php(286): VehiculoController->runAction()
#20 /Users/jacksmirk/Sites/yii_framework/framework/web/CController.php(265): VehiculoController->runActionWithFilters()
#21 /Users/jacksmirk/Sites/yii_framework/framework/web/CWebApplication.php(282): VehiculoController->run()
#22 /Users/jacksmirk/Sites/yii_framework/framework/web/CWebApplication.php(141): CWebApplication->runController()
#23 /Users/jacksmirk/Sites/yii_framework/framework/base/CApplication.php(180): CWebApplication->processRequest()
#24 /Users/jacksmirk/Sites/concesionario/index.php(13): CWebApplication->run()
REQUEST_URI=/concesionario/index.php/Vehiculo/create
in /Users/jacksmirk/Sites/concesionario/protected/extensions/giix-components/GxActiveRecord.php (26)
in /Users/jacksmirk/Sites/concesionario/protected/extensions/giix-components/GxActiveRecord.php (119)
in /Users/jacksmirk/Sites/concesionario/protected/extensions/giix-components/GxActiveRecord.php (165)
2013/12/27 17:49:19 [error] [php] include(Modelos.php) [<a href='function.include'>function.include</a>]: failed to open stream: No such file or directory (/Users/jacksmirk/Sites/yii_framework/framework/YiiBase.php:427)
Stack trace:
#0 /Users/jacksmirk/Sites/yii_framework/framework/db/ar/CActiveRecord.php(395): spl_autoload_call()
#1 /Users/jacksmirk/Sites/concesionario/protected/extensions/giix-components/GxActiveRecord.php(26): model()
#2 /Users/jacksmirk/Sites/concesionario/protected/extensions/giix-components/GxActiveRecord.php(152): model()
#3 /Users/jacksmirk/Sites/concesionario/protected/views/fabricante/_form.php(42): Fabricante->getRelationLabel()
#4 /Users/jacksmirk/Sites/yii_framework/framework/web/CBaseController.php(126): require()
#5 /Users/jacksmirk/Sites/yii_framework/framework/web/CBaseController.php(95): FabricanteController->renderInternal()
#6 /Users/jacksmirk/Sites/yii_framework/framework/web/CController.php(869): FabricanteController->renderFile()
#7 /Users/jacksmirk/Sites/concesionario/protected/views/fabricante/create.php(19): FabricanteController->renderPartial()
#8 /Users/jacksmirk/Sites/yii_framework/framework/web/CBaseController.php(126): require()
#9 /Users/jacksmirk/Sites/yii_framework/framework/web/CBaseController.php(95): FabricanteController->renderInternal()
#10 /Users/jacksmirk/Sites/yii_framework/framework/web/CController.php(869): FabricanteController->renderFile()
#11 /Users/jacksmirk/Sites/yii_framework/framework/web/CController.php(782): FabricanteController->renderPartial()
#12 /Users/jacksmirk/Sites/concesionario/protected/controllers/FabricanteController.php(27): FabricanteController->render()
#13 /Users/jacksmirk/Sites/yii_framework/framework/web/actions/CInlineAction.php(49): FabricanteController->actionCreate()
#14 /Users/jacksmirk/Sites/yii_framework/framework/web/CController.php(308): CInlineAction->runWithParams()
#15 /Users/jacksmirk/Sites/yii_framework/framework/web/CController.php(286): FabricanteController->runAction()
#16 /Users/jacksmirk/Sites/yii_framework/framework/web/CController.php(265): FabricanteController->runActionWithFilters()
#17 /Users/jacksmirk/Sites/yii_framework/framework/web/CWebApplication.php(282): FabricanteController->run()
#18 /Users/jacksmirk/Sites/yii_framework/framework/web/CWebApplication.php(141): CWebApplication->runController()
#19 /Users/jacksmirk/Sites/yii_framework/framework/base/CApplication.php(180): CWebApplication->processRequest()
#20 /Users/jacksmirk/Sites/concesionario/index.php(13): CWebApplication->run()
REQUEST_URI=/concesionario/index.php/Fabricante/create
in /Users/jacksmirk/Sites/concesionario/protected/extensions/giix-components/GxActiveRecord.php (26)
in /Users/jacksmirk/Sites/concesionario/protected/extensions/giix-components/GxActiveRecord.php (152)
in /Users/jacksmirk/Sites/concesionario/protected/views/fabricante/_form.php (42)
2013/12/27 17:49:36 [error] [php] include(Modelos.php) [<a href='function.include'>function.include</a>]: failed to open stream: No such file or directory (/Users/jacksmirk/Sites/yii_framework/framework/YiiBase.php:427)
Stack trace:
#0 /Users/jacksmirk/Sites/yii_framework/framework/db/ar/CActiveRecord.php(395): spl_autoload_call()
#1 /Users/jacksmirk/Sites/concesionario/protected/extensions/giix-components/GxActiveRecord.php(26): model()
#2 /Users/jacksmirk/Sites/concesionario/protected/extensions/giix-components/GxActiveRecord.php(152): model()
#3 /Users/jacksmirk/Sites/concesionario/protected/views/fabricante/_form.php(42): Fabricante->getRelationLabel()
#4 /Users/jacksmirk/Sites/yii_framework/framework/web/CBaseController.php(126): require()
#5 /Users/jacksmirk/Sites/yii_framework/framework/web/CBaseController.php(95): FabricanteController->renderInternal()
#6 /Users/jacksmirk/Sites/yii_framework/framework/web/CController.php(869): FabricanteController->renderFile()
#7 /Users/jacksmirk/Sites/concesionario/protected/views/fabricante/create.php(19): FabricanteController->renderPartial()
#8 /Users/jacksmirk/Sites/yii_framework/framework/web/CBaseController.php(126): require()
#9 /Users/jacksmirk/Sites/yii_framework/framework/web/CBaseController.php(95): FabricanteController->renderInternal()
#10 /Users/jacksmirk/Sites/yii_framework/framework/web/CController.php(869): FabricanteController->renderFile()
#11 /Users/jacksmirk/Sites/yii_framework/framework/web/CController.php(782): FabricanteController->renderPartial()
#12 /Users/jacksmirk/Sites/concesionario/protected/controllers/FabricanteController.php(27): FabricanteController->render()
#13 /Users/jacksmirk/Sites/yii_framework/framework/web/actions/CInlineAction.php(49): FabricanteController->actionCreate()
#14 /Users/jacksmirk/Sites/yii_framework/framework/web/CController.php(308): CInlineAction->runWithParams()
#15 /Users/jacksmirk/Sites/yii_framework/framework/web/CController.php(286): FabricanteController->runAction()
#16 /Users/jacksmirk/Sites/yii_framework/framework/web/CController.php(265): FabricanteController->runActionWithFilters()
#17 /Users/jacksmirk/Sites/yii_framework/framework/web/CWebApplication.php(282): FabricanteController->run()
#18 /Users/jacksmirk/Sites/yii_framework/framework/web/CWebApplication.php(141): CWebApplication->runController()
#19 /Users/jacksmirk/Sites/yii_framework/framework/base/CApplication.php(180): CWebApplication->processRequest()
#20 /Users/jacksmirk/Sites/concesionario/index.php(13): CWebApplication->run()
REQUEST_URI=/concesionario/index.php/fabricante/create
in /Users/jacksmirk/Sites/concesionario/protected/extensions/giix-components/GxActiveRecord.php (26)
in /Users/jacksmirk/Sites/concesionario/protected/extensions/giix-components/GxActiveRecord.php (152)
in /Users/jacksmirk/Sites/concesionario/protected/views/fabricante/_form.php (42)
2013/12/27 17:49:53 [error] [php] include(Fabricantes.php) [<a href='function.include'>function.include</a>]: failed to open stream: No such file or directory (/Users/jacksmirk/Sites/yii_framework/framework/YiiBase.php:427)
Stack trace:
#0 /Users/jacksmirk/Sites/yii_framework/framework/db/ar/CActiveRecord.php(395): spl_autoload_call()
#1 /Users/jacksmirk/Sites/concesionario/protected/extensions/giix-components/GxActiveRecord.php(26): model()
#2 /Users/jacksmirk/Sites/concesionario/protected/extensions/giix-components/GxActiveRecord.php(119): model()
#3 /Users/jacksmirk/Sites/concesionario/protected/extensions/giix-components/GxActiveRecord.php(165): Modelo->getRelationLabel()
#4 /Users/jacksmirk/Sites/yii_framework/framework/web/helpers/CHtml.php(1390): Modelo->getAttributeLabel()
#5 /Users/jacksmirk/Sites/yii_framework/framework/web/helpers/CHtml.php(1415): activeLabel()
#6 /Users/jacksmirk/Sites/yii_framework/framework/web/widgets/CActiveForm.php(597): activeLabelEx()
#7 /Users/jacksmirk/Sites/concesionario/protected/views/modelo/_form.php(17): GxActiveForm->labelEx()
#8 /Users/jacksmirk/Sites/yii_framework/framework/web/CBaseController.php(126): require()
#9 /Users/jacksmirk/Sites/yii_framework/framework/web/CBaseController.php(95): ModeloController->renderInternal()
#10 /Users/jacksmirk/Sites/yii_framework/framework/web/CController.php(869): ModeloController->renderFile()
#11 /Users/jacksmirk/Sites/concesionario/protected/views/modelo/create.php(19): ModeloController->renderPartial()
#12 /Users/jacksmirk/Sites/yii_framework/framework/web/CBaseController.php(126): require()
#13 /Users/jacksmirk/Sites/yii_framework/framework/web/CBaseController.php(95): ModeloController->renderInternal()
#14 /Users/jacksmirk/Sites/yii_framework/framework/web/CController.php(869): ModeloController->renderFile()
#15 /Users/jacksmirk/Sites/yii_framework/framework/web/CController.php(782): ModeloController->renderPartial()
#16 /Users/jacksmirk/Sites/concesionario/protected/controllers/ModeloController.php(27): ModeloController->render()
#17 /Users/jacksmirk/Sites/yii_framework/framework/web/actions/CInlineAction.php(49): ModeloController->actionCreate()
#18 /Users/jacksmirk/Sites/yii_framework/framework/web/CController.php(308): CInlineAction->runWithParams()
#19 /Users/jacksmirk/Sites/yii_framework/framework/web/CController.php(286): ModeloController->runAction()
#20 /Users/jacksmirk/Sites/yii_framework/framework/web/CController.php(265): ModeloController->runActionWithFilters()
#21 /Users/jacksmirk/Sites/yii_framework/framework/web/CWebApplication.php(282): ModeloController->run()
#22 /Users/jacksmirk/Sites/yii_framework/framework/web/CWebApplication.php(141): CWebApplication->runController()
#23 /Users/jacksmirk/Sites/yii_framework/framework/base/CApplication.php(180): CWebApplication->processRequest()
#24 /Users/jacksmirk/Sites/concesionario/index.php(13): CWebApplication->run()
REQUEST_URI=/concesionario/index.php/modelo/create
in /Users/jacksmirk/Sites/concesionario/protected/extensions/giix-components/GxActiveRecord.php (26)
in /Users/jacksmirk/Sites/concesionario/protected/extensions/giix-components/GxActiveRecord.php (119)
in /Users/jacksmirk/Sites/concesionario/protected/extensions/giix-components/GxActiveRecord.php (165)
2013/12/27 17:50:28 [error] [php] include(Fabricantes.php) [<a href='function.include'>function.include</a>]: failed to open stream: No such file or directory (/Users/jacksmirk/Sites/yii_framework/framework/YiiBase.php:427)
Stack trace:
#0 /Users/jacksmirk/Sites/yii_framework/framework/db/ar/CActiveRecord.php(395): spl_autoload_call()
#1 /Users/jacksmirk/Sites/concesionario/protected/extensions/giix-components/GxActiveRecord.php(26): model()
#2 /Users/jacksmirk/Sites/concesionario/protected/extensions/giix-components/GxActiveRecord.php(119): model()
#3 /Users/jacksmirk/Sites/concesionario/protected/extensions/giix-components/GxActiveRecord.php(165): Vehiculo->getRelationLabel()
#4 /Users/jacksmirk/Sites/yii_framework/framework/web/helpers/CHtml.php(1390): Vehiculo->getAttributeLabel()
#5 /Users/jacksmirk/Sites/yii_framework/framework/web/helpers/CHtml.php(1415): activeLabel()
#6 /Users/jacksmirk/Sites/yii_framework/framework/web/widgets/CActiveForm.php(597): activeLabelEx()
#7 /Users/jacksmirk/Sites/concesionario/protected/views/vehiculo/_form.php(17): GxActiveForm->labelEx()
#8 /Users/jacksmirk/Sites/yii_framework/framework/web/CBaseController.php(126): require()
#9 /Users/jacksmirk/Sites/yii_framework/framework/web/CBaseController.php(95): VehiculoController->renderInternal()
#10 /Users/jacksmirk/Sites/yii_framework/framework/web/CController.php(869): VehiculoController->renderFile()
#11 /Users/jacksmirk/Sites/concesionario/protected/views/vehiculo/create.php(19): VehiculoController->renderPartial()
#12 /Users/jacksmirk/Sites/yii_framework/framework/web/CBaseController.php(126): require()
#13 /Users/jacksmirk/Sites/yii_framework/framework/web/CBaseController.php(95): VehiculoController->renderInternal()
#14 /Users/jacksmirk/Sites/yii_framework/framework/web/CController.php(869): VehiculoController->renderFile()
#15 /Users/jacksmirk/Sites/yii_framework/framework/web/CController.php(782): VehiculoController->renderPartial()
#16 /Users/jacksmirk/Sites/concesionario/protected/controllers/VehiculoController.php(27): VehiculoController->render()
#17 /Users/jacksmirk/Sites/yii_framework/framework/web/actions/CInlineAction.php(49): VehiculoController->actionCreate()
#18 /Users/jacksmirk/Sites/yii_framework/framework/web/CController.php(308): CInlineAction->runWithParams()
#19 /Users/jacksmirk/Sites/yii_framework/framework/web/CController.php(286): VehiculoController->runAction()
#20 /Users/jacksmirk/Sites/yii_framework/framework/web/CController.php(265): VehiculoController->runActionWithFilters()
#21 /Users/jacksmirk/Sites/yii_framework/framework/web/CWebApplication.php(282): VehiculoController->run()
#22 /Users/jacksmirk/Sites/yii_framework/framework/web/CWebApplication.php(141): CWebApplication->runController()
#23 /Users/jacksmirk/Sites/yii_framework/framework/base/CApplication.php(180): CWebApplication->processRequest()
#24 /Users/jacksmirk/Sites/concesionario/index.php(13): CWebApplication->run()
REQUEST_URI=/concesionario/index.php/vehiculo/create
in /Users/jacksmirk/Sites/concesionario/protected/extensions/giix-components/GxActiveRecord.php (26)
in /Users/jacksmirk/Sites/concesionario/protected/extensions/giix-components/GxActiveRecord.php (119)
in /Users/jacksmirk/Sites/concesionario/protected/extensions/giix-components/GxActiveRecord.php (165)
2013/12/27 17:54:38 [error] [php] include(Modelos.php) [<a href='function.include'>function.include</a>]: failed to open stream: No such file or directory (/Users/jacksmirk/Sites/yii_framework/framework/YiiBase.php:427)
Stack trace:
#0 /Users/jacksmirk/Sites/yii_framework/framework/db/ar/CActiveRecord.php(395): spl_autoload_call()
#1 /Users/jacksmirk/Sites/concesionario/protected/extensions/giix-components/GxActiveRecord.php(26): model()
#2 /Users/jacksmirk/Sites/concesionario/protected/extensions/giix-components/GxActiveRecord.php(152): model()
#3 /Users/jacksmirk/Sites/concesionario/protected/views/fabricante/_form.php(42): Fabricante->getRelationLabel()
#4 /Users/jacksmirk/Sites/yii_framework/framework/web/CBaseController.php(126): require()
#5 /Users/jacksmirk/Sites/yii_framework/framework/web/CBaseController.php(95): FabricanteController->renderInternal()
#6 /Users/jacksmirk/Sites/yii_framework/framework/web/CController.php(869): FabricanteController->renderFile()
#7 /Users/jacksmirk/Sites/concesionario/protected/views/fabricante/create.php(19): FabricanteController->renderPartial()
#8 /Users/jacksmirk/Sites/yii_framework/framework/web/CBaseController.php(126): require()
#9 /Users/jacksmirk/Sites/yii_framework/framework/web/CBaseController.php(95): FabricanteController->renderInternal()
#10 /Users/jacksmirk/Sites/yii_framework/framework/web/CController.php(869): FabricanteController->renderFile()
#11 /Users/jacksmirk/Sites/yii_framework/framework/web/CController.php(782): FabricanteController->renderPartial()
#12 /Users/jacksmirk/Sites/concesionario/protected/controllers/FabricanteController.php(27): FabricanteController->render()
#13 /Users/jacksmirk/Sites/yii_framework/framework/web/actions/CInlineAction.php(49): FabricanteController->actionCreate()
#14 /Users/jacksmirk/Sites/yii_framework/framework/web/CController.php(308): CInlineAction->runWithParams()
#15 /Users/jacksmirk/Sites/yii_framework/framework/web/CController.php(286): FabricanteController->runAction()
#16 /Users/jacksmirk/Sites/yii_framework/framework/web/CController.php(265): FabricanteController->runActionWithFilters()
#17 /Users/jacksmirk/Sites/yii_framework/framework/web/CWebApplication.php(282): FabricanteController->run()
#18 /Users/jacksmirk/Sites/yii_framework/framework/web/CWebApplication.php(141): CWebApplication->runController()
#19 /Users/jacksmirk/Sites/yii_framework/framework/base/CApplication.php(180): CWebApplication->processRequest()
#20 /Users/jacksmirk/Sites/concesionario/index.php(13): CWebApplication->run()
REQUEST_URI=/concesionario/index.php/fabricante/create
in /Users/jacksmirk/Sites/concesionario/protected/extensions/giix-components/GxActiveRecord.php (26)
in /Users/jacksmirk/Sites/concesionario/protected/extensions/giix-components/GxActiveRecord.php (152)
in /Users/jacksmirk/Sites/concesionario/protected/views/fabricante/_form.php (42)
2013/12/27 17:58:43 [error] [php] include(Modelos.php) [<a href='function.include'>function.include</a>]: failed to open stream: No such file or directory (/Users/jacksmirk/Sites/yii_framework/framework/YiiBase.php:427)
Stack trace:
#0 /Users/jacksmirk/Sites/yii_framework/framework/db/ar/CActiveRecord.php(395): spl_autoload_call()
#1 /Users/jacksmirk/Sites/concesionario/protected/extensions/giix-components/GxActiveRecord.php(26): model()
#2 /Users/jacksmirk/Sites/concesionario/protected/extensions/giix-components/GxActiveRecord.php(152): model()
#3 /Users/jacksmirk/Sites/concesionario/protected/views/fabricante/_form.php(43): Fabricante->getRelationLabel()
#4 /Users/jacksmirk/Sites/yii_framework/framework/web/CBaseController.php(126): require()
#5 /Users/jacksmirk/Sites/yii_framework/framework/web/CBaseController.php(95): FabricanteController->renderInternal()
#6 /Users/jacksmirk/Sites/yii_framework/framework/web/CController.php(869): FabricanteController->renderFile()
#7 /Users/jacksmirk/Sites/concesionario/protected/views/fabricante/create.php(19): FabricanteController->renderPartial()
#8 /Users/jacksmirk/Sites/yii_framework/framework/web/CBaseController.php(126): require()
#9 /Users/jacksmirk/Sites/yii_framework/framework/web/CBaseController.php(95): FabricanteController->renderInternal()
#10 /Users/jacksmirk/Sites/yii_framework/framework/web/CController.php(869): FabricanteController->renderFile()
#11 /Users/jacksmirk/Sites/yii_framework/framework/web/CController.php(782): FabricanteController->renderPartial()
#12 /Users/jacksmirk/Sites/concesionario/protected/controllers/FabricanteController.php(27): FabricanteController->render()
#13 /Users/jacksmirk/Sites/yii_framework/framework/web/actions/CInlineAction.php(49): FabricanteController->actionCreate()
#14 /Users/jacksmirk/Sites/yii_framework/framework/web/CController.php(308): CInlineAction->runWithParams()
#15 /Users/jacksmirk/Sites/yii_framework/framework/web/CController.php(286): FabricanteController->runAction()
#16 /Users/jacksmirk/Sites/yii_framework/framework/web/CController.php(265): FabricanteController->runActionWithFilters()
#17 /Users/jacksmirk/Sites/yii_framework/framework/web/CWebApplication.php(282): FabricanteController->run()
#18 /Users/jacksmirk/Sites/yii_framework/framework/web/CWebApplication.php(141): CWebApplication->runController()
#19 /Users/jacksmirk/Sites/yii_framework/framework/base/CApplication.php(180): CWebApplication->processRequest()
#20 /Users/jacksmirk/Sites/concesionario/index.php(13): CWebApplication->run()
REQUEST_URI=/concesionario/index.php/fabricante/create
in /Users/jacksmirk/Sites/concesionario/protected/extensions/giix-components/GxActiveRecord.php (26)
in /Users/jacksmirk/Sites/concesionario/protected/extensions/giix-components/GxActiveRecord.php (152)
in /Users/jacksmirk/Sites/concesionario/protected/views/fabricante/_form.php (43)
2013/12/27 18:11:35 [error] [php] include(Modelos.php) [<a href='function.include'>function.include</a>]: failed to open stream: No such file or directory (/Users/jacksmirk/Sites/yii_framework/framework/YiiBase.php:427)
Stack trace:
#0 /Users/jacksmirk/Sites/yii_framework/framework/db/ar/CActiveRecord.php(395): spl_autoload_call()
#1 /Users/jacksmirk/Sites/concesionario/protected/extensions/giix-components/GxActiveRecord.php(26): model()
#2 /Users/jacksmirk/Sites/concesionario/protected/extensions/giix-components/GxActiveRecord.php(152): model()
#3 /Users/jacksmirk/Sites/concesionario/protected/views/fabricante/view.php(31): Fabricante->getRelationLabel()
#4 /Users/jacksmirk/Sites/yii_framework/framework/web/CBaseController.php(126): require()
#5 /Users/jacksmirk/Sites/yii_framework/framework/web/CBaseController.php(95): FabricanteController->renderInternal()
#6 /Users/jacksmirk/Sites/yii_framework/framework/web/CController.php(869): FabricanteController->renderFile()
#7 /Users/jacksmirk/Sites/yii_framework/framework/web/CController.php(782): FabricanteController->renderPartial()
#8 /Users/jacksmirk/Sites/concesionario/protected/controllers/FabricanteController.php(9): FabricanteController->render()
#9 unknown(0): FabricanteController->actionView()
#10 /Users/jacksmirk/Sites/yii_framework/framework/web/actions/CAction.php(108): ReflectionMethod->invokeArgs()
#11 /Users/jacksmirk/Sites/yii_framework/framework/web/actions/CInlineAction.php(47): CInlineAction->runWithParamsInternal()
#12 /Users/jacksmirk/Sites/yii_framework/framework/web/CController.php(308): CInlineAction->runWithParams()
#13 /Users/jacksmirk/Sites/yii_framework/framework/web/CController.php(286): FabricanteController->runAction()
#14 /Users/jacksmirk/Sites/yii_framework/framework/web/CController.php(265): FabricanteController->runActionWithFilters()
#15 /Users/jacksmirk/Sites/yii_framework/framework/web/CWebApplication.php(282): FabricanteController->run()
#16 /Users/jacksmirk/Sites/yii_framework/framework/web/CWebApplication.php(141): CWebApplication->runController()
#17 /Users/jacksmirk/Sites/yii_framework/framework/base/CApplication.php(180): CWebApplication->processRequest()
#18 /Users/jacksmirk/Sites/concesionario/index.php(13): CWebApplication->run()
REQUEST_URI=/concesionario/index.php/fabricante/1
in /Users/jacksmirk/Sites/concesionario/protected/extensions/giix-components/GxActiveRecord.php (26)
in /Users/jacksmirk/Sites/concesionario/protected/extensions/giix-components/GxActiveRecord.php (152)
in /Users/jacksmirk/Sites/concesionario/protected/views/fabricante/view.php (31)
2013/12/27 18:23:41 [error] [php] include(Fabricantes.php) [<a href='function.include'>function.include</a>]: failed to open stream: No such file or directory (/Users/jacksmirk/Sites/yii_framework/framework/YiiBase.php:427)
Stack trace:
#0 /Users/jacksmirk/Sites/yii_framework/framework/db/ar/CActiveRecord.php(395): spl_autoload_call()
#1 /Users/jacksmirk/Sites/concesionario/protected/extensions/giix-components/GxActiveRecord.php(26): model()
#2 /Users/jacksmirk/Sites/concesionario/protected/extensions/giix-components/GxActiveRecord.php(119): model()
#3 /Users/jacksmirk/Sites/concesionario/protected/extensions/giix-components/GxActiveRecord.php(165): Modelo->getRelationLabel()
#4 /Users/jacksmirk/Sites/yii_framework/framework/web/helpers/CHtml.php(1390): Modelo->getAttributeLabel()
#5 /Users/jacksmirk/Sites/yii_framework/framework/web/helpers/CHtml.php(1415): activeLabel()
#6 /Users/jacksmirk/Sites/yii_framework/framework/web/widgets/CActiveForm.php(597): activeLabelEx()
#7 /Users/jacksmirk/Sites/concesionario/protected/views/modelo/_form.php(17): GxActiveForm->labelEx()
#8 /Users/jacksmirk/Sites/yii_framework/framework/web/CBaseController.php(126): require()
#9 /Users/jacksmirk/Sites/yii_framework/framework/web/CBaseController.php(95): ModeloController->renderInternal()
#10 /Users/jacksmirk/Sites/yii_framework/framework/web/CController.php(869): ModeloController->renderFile()
#11 /Users/jacksmirk/Sites/concesionario/protected/views/modelo/create.php(19): ModeloController->renderPartial()
#12 /Users/jacksmirk/Sites/yii_framework/framework/web/CBaseController.php(126): require()
#13 /Users/jacksmirk/Sites/yii_framework/framework/web/CBaseController.php(95): ModeloController->renderInternal()
#14 /Users/jacksmirk/Sites/yii_framework/framework/web/CController.php(869): ModeloController->renderFile()
#15 /Users/jacksmirk/Sites/yii_framework/framework/web/CController.php(782): ModeloController->renderPartial()
#16 /Users/jacksmirk/Sites/concesionario/protected/controllers/ModeloController.php(29): ModeloController->render()
#17 unknown(0): ModeloController->actionCreate()
#18 /Users/jacksmirk/Sites/yii_framework/framework/web/actions/CAction.php(108): ReflectionMethod->invokeArgs()
#19 /Users/jacksmirk/Sites/yii_framework/framework/web/actions/CInlineAction.php(47): CInlineAction->runWithParamsInternal()
#20 /Users/jacksmirk/Sites/yii_framework/framework/web/CController.php(308): CInlineAction->runWithParams()
#21 /Users/jacksmirk/Sites/yii_framework/framework/web/CController.php(286): ModeloController->runAction()
#22 /Users/jacksmirk/Sites/yii_framework/framework/web/CController.php(265): ModeloController->runActionWithFilters()
#23 /Users/jacksmirk/Sites/yii_framework/framework/web/CWebApplication.php(282): ModeloController->run()
#24 /Users/jacksmirk/Sites/yii_framework/framework/web/CWebApplication.php(141): CWebApplication->runController()
#25 /Users/jacksmirk/Sites/yii_framework/framework/base/CApplication.php(180): CWebApplication->processRequest()
#26 /Users/jacksmirk/Sites/concesionario/index.php(13): CWebApplication->run()
REQUEST_URI=/concesionario/index.php/modelo/create?fabricanteid=1
in /Users/jacksmirk/Sites/concesionario/protected/extensions/giix-components/GxActiveRecord.php (26)
in /Users/jacksmirk/Sites/concesionario/protected/extensions/giix-components/GxActiveRecord.php (119)
in /Users/jacksmirk/Sites/concesionario/protected/extensions/giix-components/GxActiveRecord.php (165)
2013/12/27 18:31:12 [error] [exception.CException] exception 'CException' with message 'Property "Modelo.Fabricante" is not defined.' in /Users/jacksmirk/Sites/yii_framework/framework/base/CComponent.php:130
Stack trace:
#0 /Users/jacksmirk/Sites/yii_framework/framework/db/ar/CActiveRecord.php(145): CComponent->__get('Fabricante')
#1 /Users/jacksmirk/Sites/concesionario/protected/views/modelo/create.php(14): CActiveRecord->__get('Fabricante')
#2 /Users/jacksmirk/Sites/yii_framework/framework/web/CBaseController.php(126): require('/Users/jacksmir...')
#3 /Users/jacksmirk/Sites/yii_framework/framework/web/CBaseController.php(95): CBaseController->renderInternal('/Users/jacksmir...', Array, true)
#4 /Users/jacksmirk/Sites/yii_framework/framework/web/CController.php(869): CBaseController->renderFile('/Users/jacksmir...', Array, true)
#5 /Users/jacksmirk/Sites/yii_framework/framework/web/CController.php(782): CController->renderPartial('create', Array, true)
#6 /Users/jacksmirk/Sites/concesionario/protected/controllers/ModeloController.php(29): CController->render('create', Array)
#7 [internal function]: ModeloController->actionCreate('1')
#8 /Users/jacksmirk/Sites/yii_framework/framework/web/actions/CAction.php(108): ReflectionMethod->invokeArgs(Object(ModeloController), Array)
#9 /Users/jacksmirk/Sites/yii_framework/framework/web/actions/CInlineAction.php(47): CAction->runWithParamsInternal(Object(ModeloController), Object(ReflectionMethod), Array)
#10 /Users/jacksmirk/Sites/yii_framework/framework/web/CController.php(308): CInlineAction->runWithParams(Array)
#11 /Users/jacksmirk/Sites/yii_framework/framework/web/CController.php(286): CController->runAction(Object(CInlineAction))
#12 /Users/jacksmirk/Sites/yii_framework/framework/web/CController.php(265): CController->runActionWithFilters(Object(CInlineAction), Array)
#13 /Users/jacksmirk/Sites/yii_framework/framework/web/CWebApplication.php(282): CController->run('create')
#14 /Users/jacksmirk/Sites/yii_framework/framework/web/CWebApplication.php(141): CWebApplication->runController('modelo/create')
#15 /Users/jacksmirk/Sites/yii_framework/framework/base/CApplication.php(180): CWebApplication->processRequest()
#16 /Users/jacksmirk/Sites/concesionario/index.php(13): CApplication->run()
#17 {main}
REQUEST_URI=/concesionario/index.php/modelo/create?fabricanteid=1
HTTP_REFERER=http://localhost:8888/concesionario/index.php/fabricante/1
---
2013/12/27 18:31:54 [error] [php] Trying to get property of non-object (/Users/jacksmirk/Sites/concesionario/protected/views/modelo/create.php:14)
Stack trace:
#0 /Users/jacksmirk/Sites/yii_framework/framework/web/CController.php(869): ModeloController->renderFile()
#1 /Users/jacksmirk/Sites/yii_framework/framework/web/CController.php(782): ModeloController->renderPartial()
#2 /Users/jacksmirk/Sites/concesionario/protected/controllers/ModeloController.php(29): ModeloController->render()
#3 unknown(0): ModeloController->actionCreate()
#4 /Users/jacksmirk/Sites/yii_framework/framework/web/actions/CAction.php(108): ReflectionMethod->invokeArgs()
#5 /Users/jacksmirk/Sites/yii_framework/framework/web/actions/CInlineAction.php(47): CInlineAction->runWithParamsInternal()
#6 /Users/jacksmirk/Sites/yii_framework/framework/web/CController.php(308): CInlineAction->runWithParams()
#7 /Users/jacksmirk/Sites/yii_framework/framework/web/CController.php(286): ModeloController->runAction()
#8 /Users/jacksmirk/Sites/yii_framework/framework/web/CController.php(265): ModeloController->runActionWithFilters()
#9 /Users/jacksmirk/Sites/yii_framework/framework/web/CWebApplication.php(282): ModeloController->run()
#10 /Users/jacksmirk/Sites/yii_framework/framework/web/CWebApplication.php(141): CWebApplication->runController()
#11 /Users/jacksmirk/Sites/yii_framework/framework/base/CApplication.php(180): CWebApplication->processRequest()
#12 /Users/jacksmirk/Sites/concesionario/index.php(13): CWebApplication->run()
REQUEST_URI=/concesionario/index.php/modelo/create?fabricanteid=1
in /Users/jacksmirk/Sites/concesionario/protected/views/modelo/create.php (14)
in /Users/jacksmirk/Sites/concesionario/protected/controllers/ModeloController.php (29)
in /Users/jacksmirk/Sites/concesionario/index.php (13)
2013/12/27 18:34:07 [error] [php] Trying to get property of non-object (/Users/jacksmirk/Sites/concesionario/protected/controllers/ModeloController.php:16)
Stack trace:
#0 /Users/jacksmirk/Sites/yii_framework/framework/web/actions/CInlineAction.php(47): CInlineAction->runWithParamsInternal()
#1 /Users/jacksmirk/Sites/yii_framework/framework/web/CController.php(308): CInlineAction->runWithParams()
#2 /Users/jacksmirk/Sites/yii_framework/framework/web/CController.php(286): ModeloController->runAction()
#3 /Users/jacksmirk/Sites/yii_framework/framework/web/CController.php(265): ModeloController->runActionWithFilters()
#4 /Users/jacksmirk/Sites/yii_framework/framework/web/CWebApplication.php(282): ModeloController->run()
#5 /Users/jacksmirk/Sites/yii_framework/framework/web/CWebApplication.php(141): CWebApplication->runController()
#6 /Users/jacksmirk/Sites/yii_framework/framework/base/CApplication.php(180): CWebApplication->processRequest()
#7 /Users/jacksmirk/Sites/concesionario/index.php(13): CWebApplication->run()
REQUEST_URI=/concesionario/index.php/modelo/create?fabricanteid=1
in /Users/jacksmirk/Sites/concesionario/protected/controllers/ModeloController.php (16)
in /Users/jacksmirk/Sites/concesionario/index.php (13)
2013/12/27 18:37:17 [error] [php] include(Fabricantes.php) [<a href='function.include'>function.include</a>]: failed to open stream: No such file or directory (/Users/jacksmirk/Sites/yii_framework/framework/YiiBase.php:427)
Stack trace:
#0 /Users/jacksmirk/Sites/yii_framework/framework/db/ar/CActiveRecord.php(395): spl_autoload_call()
#1 /Users/jacksmirk/Sites/yii_framework/framework/db/ar/CActiveFinder.php(182): model()
#2 /Users/jacksmirk/Sites/yii_framework/framework/db/ar/CActiveFinder.php(230): CActiveFinder->getModel()
#3 /Users/jacksmirk/Sites/yii_framework/framework/db/ar/CActiveFinder.php(48): CActiveFinder->buildJoinTree()
#4 /Users/jacksmirk/Sites/yii_framework/framework/db/ar/CActiveRecord.php(909): CActiveFinder->__construct()
#5 /Users/jacksmirk/Sites/yii_framework/framework/db/ar/CActiveRecord.php(280): Modelo->getActiveFinder()
#6 /Users/jacksmirk/Sites/yii_framework/framework/db/ar/CActiveRecord.php(143): Modelo->getRelated()
#7 /Users/jacksmirk/Sites/concesionario/protected/views/modelo/view.php(26): Modelo->__get()
#8 /Users/jacksmirk/Sites/yii_framework/framework/web/CBaseController.php(126): require()
#9 /Users/jacksmirk/Sites/yii_framework/framework/web/CBaseController.php(95): ModeloController->renderInternal()
#10 /Users/jacksmirk/Sites/yii_framework/framework/web/CController.php(869): ModeloController->renderFile()
#11 /Users/jacksmirk/Sites/yii_framework/framework/web/CController.php(782): ModeloController->renderPartial()
#12 /Users/jacksmirk/Sites/concesionario/protected/controllers/ModeloController.php(9): ModeloController->render()
#13 unknown(0): ModeloController->actionView()
#14 /Users/jacksmirk/Sites/yii_framework/framework/web/actions/CAction.php(108): ReflectionMethod->invokeArgs()
#15 /Users/jacksmirk/Sites/yii_framework/framework/web/actions/CInlineAction.php(47): CInlineAction->runWithParamsInternal()
#16 /Users/jacksmirk/Sites/yii_framework/framework/web/CController.php(308): CInlineAction->runWithParams()
#17 /Users/jacksmirk/Sites/yii_framework/framework/web/CController.php(286): ModeloController->runAction()
#18 /Users/jacksmirk/Sites/yii_framework/framework/web/CController.php(265): ModeloController->runActionWithFilters()
#19 /Users/jacksmirk/Sites/yii_framework/framework/web/CWebApplication.php(282): ModeloController->run()
#20 /Users/jacksmirk/Sites/yii_framework/framework/web/CWebApplication.php(141): CWebApplication->runController()
#21 /Users/jacksmirk/Sites/yii_framework/framework/base/CApplication.php(180): CWebApplication->processRequest()
#22 /Users/jacksmirk/Sites/concesionario/index.php(13): CWebApplication->run()
REQUEST_URI=/concesionario/index.php/modelo/1
in /Users/jacksmirk/Sites/concesionario/protected/views/modelo/view.php (26)
in /Users/jacksmirk/Sites/concesionario/protected/controllers/ModeloController.php (9)
in /Users/jacksmirk/Sites/concesionario/index.php (13)
2013/12/27 18:40:20 [error] [php] include(Fabricantes.php) [<a href='function.include'>function.include</a>]: failed to open stream: No such file or directory (/Users/jacksmirk/Sites/yii_framework/framework/YiiBase.php:427)
Stack trace:
#0 /Users/jacksmirk/Sites/yii_framework/framework/db/ar/CActiveRecord.php(395): spl_autoload_call()
#1 /Users/jacksmirk/Sites/yii_framework/framework/db/ar/CActiveFinder.php(182): model()
#2 /Users/jacksmirk/Sites/yii_framework/framework/db/ar/CActiveFinder.php(230): CActiveFinder->getModel()
#3 /Users/jacksmirk/Sites/yii_framework/framework/db/ar/CActiveFinder.php(48): CActiveFinder->buildJoinTree()
#4 /Users/jacksmirk/Sites/yii_framework/framework/db/ar/CActiveRecord.php(909): CActiveFinder->__construct()
#5 /Users/jacksmirk/Sites/yii_framework/framework/db/ar/CActiveRecord.php(280): Modelo->getActiveFinder()
#6 /Users/jacksmirk/Sites/yii_framework/framework/db/ar/CActiveRecord.php(143): Modelo->getRelated()
#7 /Users/jacksmirk/Sites/concesionario/protected/views/modelo/view.php(26): Modelo->__get()
#8 /Users/jacksmirk/Sites/yii_framework/framework/web/CBaseController.php(126): require()
#9 /Users/jacksmirk/Sites/yii_framework/framework/web/CBaseController.php(95): ModeloController->renderInternal()
#10 /Users/jacksmirk/Sites/yii_framework/framework/web/CController.php(869): ModeloController->renderFile()
#11 /Users/jacksmirk/Sites/yii_framework/framework/web/CController.php(782): ModeloController->renderPartial()
#12 /Users/jacksmirk/Sites/concesionario/protected/controllers/ModeloController.php(9): ModeloController->render()
#13 unknown(0): ModeloController->actionView()
#14 /Users/jacksmirk/Sites/yii_framework/framework/web/actions/CAction.php(108): ReflectionMethod->invokeArgs()
#15 /Users/jacksmirk/Sites/yii_framework/framework/web/actions/CInlineAction.php(47): CInlineAction->runWithParamsInternal()
#16 /Users/jacksmirk/Sites/yii_framework/framework/web/CController.php(308): CInlineAction->runWithParams()
#17 /Users/jacksmirk/Sites/yii_framework/framework/web/CController.php(286): ModeloController->runAction()
#18 /Users/jacksmirk/Sites/yii_framework/framework/web/CController.php(265): ModeloController->runActionWithFilters()
#19 /Users/jacksmirk/Sites/yii_framework/framework/web/CWebApplication.php(282): ModeloController->run()
#20 /Users/jacksmirk/Sites/yii_framework/framework/web/CWebApplication.php(141): CWebApplication->runController()
#21 /Users/jacksmirk/Sites/yii_framework/framework/base/CApplication.php(180): CWebApplication->processRequest()
#22 /Users/jacksmirk/Sites/concesionario/index.php(13): CWebApplication->run()
REQUEST_URI=/concesionario/index.php/modelo/1
in /Users/jacksmirk/Sites/concesionario/protected/views/modelo/view.php (26)
in /Users/jacksmirk/Sites/concesionario/protected/controllers/ModeloController.php (9)
in /Users/jacksmirk/Sites/concesionario/index.php (13)
2013/12/27 18:44:14 [error] [php] include(Fabricantes.php) [<a href='function.include'>function.include</a>]: failed to open stream: No such file or directory (/Users/jacksmirk/Sites/yii_framework/framework/YiiBase.php:427)
Stack trace:
#0 /Users/jacksmirk/Sites/yii_framework/framework/db/ar/CActiveRecord.php(395): spl_autoload_call()
#1 /Users/jacksmirk/Sites/concesionario/protected/extensions/giix-components/GxActiveRecord.php(26): model()
#2 /Users/jacksmirk/Sites/concesionario/protected/extensions/giix-components/GxActiveRecord.php(152): model()
#3 /Users/jacksmirk/Sites/concesionario/protected/extensions/giix-components/GxActiveRecord.php(165): Modelo->getRelationLabel()
#4 /Users/jacksmirk/Sites/yii_framework/framework/zii/widgets/CDetailView.php(204): Modelo->getAttributeLabel()
#5 /Users/jacksmirk/Sites/yii_framework/framework/web/CBaseController.php(173): CDetailView->run()
#6 /Users/jacksmirk/Sites/concesionario/protected/views/modelo/view.php(32): ModeloController->widget()
#7 /Users/jacksmirk/Sites/yii_framework/framework/web/CBaseController.php(126): require()
#8 /Users/jacksmirk/Sites/yii_framework/framework/web/CBaseController.php(95): ModeloController->renderInternal()
#9 /Users/jacksmirk/Sites/yii_framework/framework/web/CController.php(869): ModeloController->renderFile()
#10 /Users/jacksmirk/Sites/yii_framework/framework/web/CController.php(782): ModeloController->renderPartial()
#11 /Users/jacksmirk/Sites/concesionario/protected/controllers/ModeloController.php(9): ModeloController->render()
#12 unknown(0): ModeloController->actionView()
#13 /Users/jacksmirk/Sites/yii_framework/framework/web/actions/CAction.php(108): ReflectionMethod->invokeArgs()
#14 /Users/jacksmirk/Sites/yii_framework/framework/web/actions/CInlineAction.php(47): CInlineAction->runWithParamsInternal()
#15 /Users/jacksmirk/Sites/yii_framework/framework/web/CController.php(308): CInlineAction->runWithParams()
#16 /Users/jacksmirk/Sites/yii_framework/framework/web/CController.php(286): ModeloController->runAction()
#17 /Users/jacksmirk/Sites/yii_framework/framework/web/CController.php(265): ModeloController->runActionWithFilters()
#18 /Users/jacksmirk/Sites/yii_framework/framework/web/CWebApplication.php(282): ModeloController->run()
#19 /Users/jacksmirk/Sites/yii_framework/framework/web/CWebApplication.php(141): CWebApplication->runController()
#20 /Users/jacksmirk/Sites/yii_framework/framework/base/CApplication.php(180): CWebApplication->processRequest()
#21 /Users/jacksmirk/Sites/concesionario/index.php(13): CWebApplication->run()
REQUEST_URI=/concesionario/index.php/modelo/1
in /Users/jacksmirk/Sites/concesionario/protected/extensions/giix-components/GxActiveRecord.php (26)
in /Users/jacksmirk/Sites/concesionario/protected/extensions/giix-components/GxActiveRecord.php (152)
in /Users/jacksmirk/Sites/concesionario/protected/extensions/giix-components/GxActiveRecord.php (165)
2013/12/27 18:44:56 [error] [php] include(Fabricantes.php) [<a href='function.include'>function.include</a>]: failed to open stream: No such file or directory (/Users/jacksmirk/Sites/yii_framework/framework/YiiBase.php:427)
Stack trace:
#0 /Users/jacksmirk/Sites/yii_framework/framework/db/ar/CActiveRecord.php(395): spl_autoload_call()
#1 /Users/jacksmirk/Sites/concesionario/protected/extensions/giix-components/GxActiveRecord.php(26): model()
#2 /Users/jacksmirk/Sites/concesionario/protected/extensions/giix-components/GxActiveRecord.php(119): model()
#3 /Users/jacksmirk/Sites/concesionario/protected/extensions/giix-components/GxActiveRecord.php(165): Modelo->getRelationLabel()
#4 /Users/jacksmirk/Sites/yii_framework/framework/zii/widgets/CDetailView.php(204): Modelo->getAttributeLabel()
#5 /Users/jacksmirk/Sites/yii_framework/framework/web/CBaseController.php(173): CDetailView->run()
#6 /Users/jacksmirk/Sites/concesionario/protected/views/modelo/view.php(28): ModeloController->widget()
#7 /Users/jacksmirk/Sites/yii_framework/framework/web/CBaseController.php(126): require()
#8 /Users/jacksmirk/Sites/yii_framework/framework/web/CBaseController.php(95): ModeloController->renderInternal()
#9 /Users/jacksmirk/Sites/yii_framework/framework/web/CController.php(869): ModeloController->renderFile()
#10 /Users/jacksmirk/Sites/yii_framework/framework/web/CController.php(782): ModeloController->renderPartial()
#11 /Users/jacksmirk/Sites/concesionario/protected/controllers/ModeloController.php(9): ModeloController->render()
#12 unknown(0): ModeloController->actionView()
#13 /Users/jacksmirk/Sites/yii_framework/framework/web/actions/CAction.php(108): ReflectionMethod->invokeArgs()
#14 /Users/jacksmirk/Sites/yii_framework/framework/web/actions/CInlineAction.php(47): CInlineAction->runWithParamsInternal()
#15 /Users/jacksmirk/Sites/yii_framework/framework/web/CController.php(308): CInlineAction->runWithParams()
#16 /Users/jacksmirk/Sites/yii_framework/framework/web/CController.php(286): ModeloController->runAction()
#17 /Users/jacksmirk/Sites/yii_framework/framework/web/CController.php(265): ModeloController->runActionWithFilters()
#18 /Users/jacksmirk/Sites/yii_framework/framework/web/CWebApplication.php(282): ModeloController->run()
#19 /Users/jacksmirk/Sites/yii_framework/framework/web/CWebApplication.php(141): CWebApplication->runController()
#20 /Users/jacksmirk/Sites/yii_framework/framework/base/CApplication.php(180): CWebApplication->processRequest()
#21 /Users/jacksmirk/Sites/concesionario/index.php(13): CWebApplication->run()
REQUEST_URI=/concesionario/index.php/modelo/1
in /Users/jacksmirk/Sites/concesionario/protected/extensions/giix-components/GxActiveRecord.php (26)
in /Users/jacksmirk/Sites/concesionario/protected/extensions/giix-components/GxActiveRecord.php (119)
in /Users/jacksmirk/Sites/concesionario/protected/extensions/giix-components/GxActiveRecord.php (165)
2013/12/27 18:45:35 [error] [php] include(Fabricantes.php) [<a href='function.include'>function.include</a>]: failed to open stream: No such file or directory (/Users/jacksmirk/Sites/yii_framework/framework/YiiBase.php:427)
Stack trace:
#0 /Users/jacksmirk/Sites/yii_framework/framework/db/ar/CActiveRecord.php(395): spl_autoload_call()
#1 /Users/jacksmirk/Sites/concesionario/protected/extensions/giix-components/GxActiveRecord.php(26): model()
#2 /Users/jacksmirk/Sites/concesionario/protected/extensions/giix-components/GxActiveRecord.php(119): model()
#3 /Users/jacksmirk/Sites/concesionario/protected/extensions/giix-components/GxActiveRecord.php(165): Modelo->getRelationLabel()
#4 /Users/jacksmirk/Sites/yii_framework/framework/zii/widgets/CDetailView.php(204): Modelo->getAttributeLabel()
#5 /Users/jacksmirk/Sites/yii_framework/framework/web/CBaseController.php(173): CDetailView->run()
#6 /Users/jacksmirk/Sites/concesionario/protected/views/modelo/view.php(28): ModeloController->widget()
#7 /Users/jacksmirk/Sites/yii_framework/framework/web/CBaseController.php(126): require()
#8 /Users/jacksmirk/Sites/yii_framework/framework/web/CBaseController.php(95): ModeloController->renderInternal()
#9 /Users/jacksmirk/Sites/yii_framework/framework/web/CController.php(869): ModeloController->renderFile()
#10 /Users/jacksmirk/Sites/yii_framework/framework/web/CController.php(782): ModeloController->renderPartial()
#11 /Users/jacksmirk/Sites/concesionario/protected/controllers/ModeloController.php(9): ModeloController->render()
#12 unknown(0): ModeloController->actionView()
#13 /Users/jacksmirk/Sites/yii_framework/framework/web/actions/CAction.php(108): ReflectionMethod->invokeArgs()
#14 /Users/jacksmirk/Sites/yii_framework/framework/web/actions/CInlineAction.php(47): CInlineAction->runWithParamsInternal()
#15 /Users/jacksmirk/Sites/yii_framework/framework/web/CController.php(308): CInlineAction->runWithParams()
#16 /Users/jacksmirk/Sites/yii_framework/framework/web/CController.php(286): ModeloController->runAction()
#17 /Users/jacksmirk/Sites/yii_framework/framework/web/CController.php(265): ModeloController->runActionWithFilters()
#18 /Users/jacksmirk/Sites/yii_framework/framework/web/CWebApplication.php(282): ModeloController->run()
#19 /Users/jacksmirk/Sites/yii_framework/framework/web/CWebApplication.php(141): CWebApplication->runController()
#20 /Users/jacksmirk/Sites/yii_framework/framework/base/CApplication.php(180): CWebApplication->processRequest()
#21 /Users/jacksmirk/Sites/concesionario/index.php(13): CWebApplication->run()
REQUEST_URI=/concesionario/index.php/modelo/1
in /Users/jacksmirk/Sites/concesionario/protected/extensions/giix-components/GxActiveRecord.php (26)
in /Users/jacksmirk/Sites/concesionario/protected/extensions/giix-components/GxActiveRecord.php (119)
in /Users/jacksmirk/Sites/concesionario/protected/extensions/giix-components/GxActiveRecord.php (165)
2013/12/27 18:45:38 [error] [php] include(Fabricantes.php) [<a href='function.include'>function.include</a>]: failed to open stream: No such file or directory (/Users/jacksmirk/Sites/yii_framework/framework/YiiBase.php:427)
Stack trace:
#0 /Users/jacksmirk/Sites/yii_framework/framework/db/ar/CActiveRecord.php(395): spl_autoload_call()
#1 /Users/jacksmirk/Sites/concesionario/protected/extensions/giix-components/GxActiveRecord.php(26): model()
#2 /Users/jacksmirk/Sites/concesionario/protected/extensions/giix-components/GxActiveRecord.php(119): model()
#3 /Users/jacksmirk/Sites/concesionario/protected/extensions/giix-components/GxActiveRecord.php(165): Modelo->getRelationLabel()
#4 /Users/jacksmirk/Sites/yii_framework/framework/zii/widgets/CDetailView.php(204): Modelo->getAttributeLabel()
#5 /Users/jacksmirk/Sites/yii_framework/framework/web/CBaseController.php(173): CDetailView->run()
#6 /Users/jacksmirk/Sites/concesionario/protected/views/modelo/view.php(28): ModeloController->widget()
#7 /Users/jacksmirk/Sites/yii_framework/framework/web/CBaseController.php(126): require()
#8 /Users/jacksmirk/Sites/yii_framework/framework/web/CBaseController.php(95): ModeloController->renderInternal()
#9 /Users/jacksmirk/Sites/yii_framework/framework/web/CController.php(869): ModeloController->renderFile()
#10 /Users/jacksmirk/Sites/yii_framework/framework/web/CController.php(782): ModeloController->renderPartial()
#11 /Users/jacksmirk/Sites/concesionario/protected/controllers/ModeloController.php(9): ModeloController->render()
#12 unknown(0): ModeloController->actionView()
#13 /Users/jacksmirk/Sites/yii_framework/framework/web/actions/CAction.php(108): ReflectionMethod->invokeArgs()
#14 /Users/jacksmirk/Sites/yii_framework/framework/web/actions/CInlineAction.php(47): CInlineAction->runWithParamsInternal()
#15 /Users/jacksmirk/Sites/yii_framework/framework/web/CController.php(308): CInlineAction->runWithParams()
#16 /Users/jacksmirk/Sites/yii_framework/framework/web/CController.php(286): ModeloController->runAction()
#17 /Users/jacksmirk/Sites/yii_framework/framework/web/CController.php(265): ModeloController->runActionWithFilters()
#18 /Users/jacksmirk/Sites/yii_framework/framework/web/CWebApplication.php(282): ModeloController->run()
#19 /Users/jacksmirk/Sites/yii_framework/framework/web/CWebApplication.php(141): CWebApplication->runController()
#20 /Users/jacksmirk/Sites/yii_framework/framework/base/CApplication.php(180): CWebApplication->processRequest()
#21 /Users/jacksmirk/Sites/concesionario/index.php(13): CWebApplication->run()
REQUEST_URI=/concesionario/index.php/modelo/1
in /Users/jacksmirk/Sites/concesionario/protected/extensions/giix-components/GxActiveRecord.php (26)
in /Users/jacksmirk/Sites/concesionario/protected/extensions/giix-components/GxActiveRecord.php (119)
in /Users/jacksmirk/Sites/concesionario/protected/extensions/giix-components/GxActiveRecord.php (165)
2013/12/27 18:47:46 [error] [php] include(Fabricantes.php) [<a href='function.include'>function.include</a>]: failed to open stream: No such file or directory (/Users/jacksmirk/Sites/yii_framework/framework/YiiBase.php:427)
Stack trace:
#0 /Users/jacksmirk/Sites/yii_framework/framework/db/ar/CActiveRecord.php(395): spl_autoload_call()
#1 /Users/jacksmirk/Sites/yii_framework/framework/db/ar/CActiveFinder.php(182): model()
#2 /Users/jacksmirk/Sites/yii_framework/framework/db/ar/CActiveFinder.php(230): CActiveFinder->getModel()
#3 /Users/jacksmirk/Sites/yii_framework/framework/db/ar/CActiveFinder.php(48): CActiveFinder->buildJoinTree()
#4 /Users/jacksmirk/Sites/yii_framework/framework/db/ar/CActiveRecord.php(909): CActiveFinder->__construct()
#5 /Users/jacksmirk/Sites/yii_framework/framework/db/ar/CActiveRecord.php(280): Modelo->getActiveFinder()
#6 /Users/jacksmirk/Sites/yii_framework/framework/db/ar/CActiveRecord.php(143): Modelo->getRelated()
#7 /Users/jacksmirk/Sites/concesionario/protected/views/modelo/view.php(26): Modelo->__get()
#8 /Users/jacksmirk/Sites/yii_framework/framework/web/CBaseController.php(126): require()
#9 /Users/jacksmirk/Sites/yii_framework/framework/web/CBaseController.php(95): ModeloController->renderInternal()
#10 /Users/jacksmirk/Sites/yii_framework/framework/web/CController.php(869): ModeloController->renderFile()
#11 /Users/jacksmirk/Sites/yii_framework/framework/web/CController.php(782): ModeloController->renderPartial()
#12 /Users/jacksmirk/Sites/concesionario/protected/controllers/ModeloController.php(9): ModeloController->render()
#13 unknown(0): ModeloController->actionView()
#14 /Users/jacksmirk/Sites/yii_framework/framework/web/actions/CAction.php(108): ReflectionMethod->invokeArgs()
#15 /Users/jacksmirk/Sites/yii_framework/framework/web/actions/CInlineAction.php(47): CInlineAction->runWithParamsInternal()
#16 /Users/jacksmirk/Sites/yii_framework/framework/web/CController.php(308): CInlineAction->runWithParams()
#17 /Users/jacksmirk/Sites/yii_framework/framework/web/CController.php(286): ModeloController->runAction()
#18 /Users/jacksmirk/Sites/yii_framework/framework/web/CController.php(265): ModeloController->runActionWithFilters()
#19 /Users/jacksmirk/Sites/yii_framework/framework/web/CWebApplication.php(282): ModeloController->run()
#20 /Users/jacksmirk/Sites/yii_framework/framework/web/CWebApplication.php(141): CWebApplication->runController()
#21 /Users/jacksmirk/Sites/yii_framework/framework/base/CApplication.php(180): CWebApplication->processRequest()
#22 /Users/jacksmirk/Sites/concesionario/index.php(13): CWebApplication->run()
REQUEST_URI=/concesionario/index.php/modelo/1
in /Users/jacksmirk/Sites/concesionario/protected/views/modelo/view.php (26)
in /Users/jacksmirk/Sites/concesionario/protected/controllers/ModeloController.php (9)
in /Users/jacksmirk/Sites/concesionario/index.php (13)
